2026-03-17T13:11:47.112+09:00  INFO 91058 --- [main] k.c.c.p.PropertyManagerApplication       : Starting PropertyManagerApplication using Java 17.0.13 with PID 91058 (/Users/choemyeong-gi/MainChoi/Project/Property_manager/Property_manager/build/classes/java/main started by choemyeong-gi in /Users/choemyeong-gi/MainChoi/Project/Property_manager/Property_manager)
2026-03-17T13:11:47.116+09:00  INFO 91058 --- [main] k.c.c.p.PropertyManagerApplication       : The following 1 profile is active: "local"
2026-03-17T13:11:47.582+09:00  INFO 91058 --- [main] .s.d.r.c.RepositoryConfigurationDelegate : Bootstrapping Spring Data JPA repositories in DEFAULT mode.
2026-03-17T13:11:47.609+09:00  INFO 91058 --- [main] .s.d.r.c.RepositoryConfigurationDelegate : Finished Spring Data repository scanning in 22 ms. Found 3 JPA repository interfaces.
2026-03-17T13:11:47.844+09:00  INFO 91058 --- [main] o.s.boot.tomcat.TomcatWebServer          : Tomcat initialized with port 8080 (http)
2026-03-17T13:11:47.852+09:00  INFO 91058 --- [main] o.apache.catalina.core.StandardService   : Starting service [Tomcat]
2026-03-17T13:11:47.852+09:00  INFO 91058 --- [main] o.apache.catalina.core.StandardEngine    : Starting Servlet engine: [Apache Tomcat/11.0.15]
2026-03-17T13:11:47.893+09:00  INFO 91058 --- [main] b.w.c.s.WebApplicationContextInitializer : Root WebApplicationContext: initialization completed in 739 ms
2026-03-17T13:11:47.965+09:00  INFO 91058 --- [main] org.hibernate.orm.jpa                    : HHH008540: Processing PersistenceUnitInfo [name: default]
2026-03-17T13:11:47.996+09:00  INFO 91058 --- [main] org.hibernate.orm.core                   : HHH000001: Hibernate ORM core version 7.2.1.Final
2026-03-17T13:11:48.232+09:00  INFO 91058 --- [main] o.s.o.j.p.SpringPersistenceUnitInfo      : No LoadTimeWeaver setup: ignoring JPA class transformer
2026-03-17T13:11:48.250+09:00  INFO 91058 --- [main] com.zaxxer.hikari.HikariDataSource       : HikariPool-1 - Starting...
2026-03-17T13:11:48.675+09:00  INFO 91058 --- [main] com.zaxxer.hikari.pool.HikariPool        : HikariPool-1 - Added connection org.sqlite.jdbc4.JDBC4Connection@1c7843c3
2026-03-17T13:11:48.676+09:00  INFO 91058 --- [main] com.zaxxer.hikari.HikariDataSource       : HikariPool-1 - Start completed.
2026-03-17T13:11:48.699+09:00  INFO 91058 --- [main] org.hibernate.orm.connections.pooling    : HHH10001005: Database info:
	Database JDBC URL [jdbc:sqlite:./data/property.db]
	Database driver: SQLite JDBC
	Database dialect: SQLiteDialect
	Database version: 3.45.1
	Default catalog/schema: undefined/undefined
	Autocommit mode: undefined/unknown
	Isolation level: SERIALIZABLE [default SERIALIZABLE]
	JDBC fetch size: none
	Pool: DataSourceConnectionProvider
	Minimum pool size: undefined/unknown
	Maximum pool size: undefined/unknown
2026-03-17T13:11:49.198+09:00  INFO 91058 --- [main] org.hibernate.orm.core                   : HHH000489: No JTA platform available (set 'hibernate.transaction.jta.platform' to enable JTA platform integration)
2026-03-17T13:11:49.220+09:00  INFO 91058 --- [main] j.LocalContainerEntityManagerFactoryBean : Initialized JPA EntityManagerFactory for persistence unit 'default'
2026-03-17T13:11:49.262+09:00  INFO 91058 --- [main] o.s.d.j.r.query.QueryEnhancerFactories   : Hibernate is in classpath; If applicable, HQL parser will be used.
2026-03-17T13:11:49.766+09:00  WARN 91058 --- [main] JpaBaseConfiguration$JpaWebConfiguration : spring.jpa.open-in-view is enabled by default. Therefore, database queries may be performed during view rendering. Explicitly configure spring.jpa.open-in-view to disable this warning
2026-03-17T13:11:49.920+09:00  INFO 91058 --- [main] o.s.boot.tomcat.TomcatWebServer          : Tomcat started on port 8080 (http) with context path '/'
2026-03-17T13:11:49.923+09:00  INFO 91058 --- [main] k.c.c.p.PropertyManagerApplication       : Started PropertyManagerApplication in 3.087 seconds (process running for 3.386)
2026-03-17T13:11:52.911+09:00  INFO 91058 --- [SpringApplicationShutdownHook] o.s.boot.tomcat.GracefulShutdown         : Commencing graceful shutdown. Waiting for active requests to complete
2026-03-17T13:11:52.918+09:00  INFO 91058 --- [tomcat-shutdown] o.s.boot.tomcat.GracefulShutdown         : Graceful shutdown complete
2026-03-17T13:11:52.921+09:00  INFO 91058 --- [SpringApplicationShutdownHook] j.LocalContainerEntityManagerFactoryBean : Closing JPA EntityManagerFactory for persistence unit 'default'
2026-03-17T13:11:52.922+09:00  INFO 91058 --- [SpringApplicationShutdownHook] com.zaxxer.hikari.HikariDataSource       : HikariPool-1 - Shutdown initiated...
2026-03-17T13:11:52.923+09:00  INFO 91058 --- [SpringApplicationShutdownHook] com.zaxxer.hikari.HikariDataSource       : HikariPool-1 - Shutdown completed.
